<?xml version="1.0" encoding="UTF-8"?>
<testsuite xmlns:xsi="http://www.w3.org/2001/XMLSchema-instance" xsi:noNamespaceSchemaLocation="https://maven.apache.org/surefire/maven-surefire-plugin/xsd/surefire-test-report-3.0.xsd" version="3.0" name="com.itheima.UserServiceTest" time="0.027" tests="7" errors="0" skipped="0" failures="0">
  <properties>
[...]
</properties>
  <testcase name="testGenderWithAssert2" classname="com.itheima.UserServiceTest" time="0.0"/>
  <testcase name="testGetGender2(String)[1]" classname="com.itheima.UserServiceTest" time="0.001"/>
  <testcase name="testGetGender2(String)[2]" classname="com.itheima.UserServiceTest" time="0.001"/>
  <testcase name="testGetGender2(String)[3]" classname="com.itheima.UserServiceTest" time="0.0"/>
  <testcase name="testGetGender" classname="com.itheima.UserServiceTest" time="0.004">
    <system-out><![CDATA[男
]]></system-out>
  </testcase>
  <testcase name="testGetAge" classname="com.itheima.UserServiceTest" time="0.009">
    <system-out><![CDATA[25
]]></system-out>
  </testcase>
  <testcase name="testGenderWithAssert" classname="com.itheima.UserServiceTest" time="0.002"/>
</testsuite>